<?xml version="1.0" encoding="UTF-8"?>
<!-- Generated by org.testng.reporters.JUnitXMLReporter -->
<testsuite ignored="1" hostname="DESKTOP-6E13JVC" failures="0" tests="1" name="Default test" time="16.084" errors="0" timestamp="11 Aug 2022 18:41:44 GMT">
  <testcase classname="com.qa.fb.keyword.Test.LoginTest" name="loginTest" time="16.052"/>
  <testcase classname="com.qa.fb.keyword.Test.LoginTest" name="signUpTest" time="0.0">
    <ignored/>
  </testcase> <!-- signUpTest -->
</testsuite> <!-- Default test -->
