<?xml version="1.0" encoding="UTF-8"?>
<!-- Generated by org.testng.reporters.JUnitXMLReporter -->
<testsuite ignored="1" hostname="DESKTOP-6E13JVC" failures="0" tests="1" name="Default test" time="8.316" errors="0" timestamp="03 Jan 2023 15:38:43 GMT">
  <testcase classname="com.qa.fb.keyword.Test.LoginTest" name="signUpTest" time="8.291"/>
  <testcase classname="com.qa.fb.keyword.Test.LoginTest" name="loginTest" time="0.0">
    <ignored/>
  </testcase> <!-- loginTest -->
</testsuite> <!-- Default test -->
