<?xml version="1.0" encoding="UTF-8"?>
<!-- Generated by org.testng.reporters.JUnitXMLReporter -->
<testsuite ignored="0" hostname="DESKTOP-6E13JVC" failures="2" tests="2" name="Test" time="0.197" errors="0" timestamp="12 Aug 2022 11:48:08 GMT">
  <testcase classname="com.qa.fb.keyword.Test.LoginTest" name="loginTest" time="0.068">
    <failure type="java.lang.NullPointerException" message="Cannot invoke &amp;quot;java.io.InputStream.markSupported()&amp;quot; because &amp;quot;inp&amp;quot; is null">
      <![CDATA[java.lang.NullPointerException: Cannot invoke "java.io.InputStream.markSupported()" because "inp" is null
at org.apache.poi.ss.usermodel.WorkbookFactory.create(WorkbookFactory.java:65)
at com.qa.fb.keyword.engine.KeyWordEngine.startExecution(KeyWordEngine.java:41)
at com.qa.fb.keyword.Test.LoginTest.loginTest(LoginTest.java:13)
... Removed 25 stack frames]]>
    </failure>
  </testcase> <!-- loginTest -->
  <testcase classname="com.qa.fb.keyword.Test.LoginTest" name="signUpTest" time="0.015">
    <failure type="java.lang.NullPointerException" message="Cannot invoke &amp;quot;java.io.InputStream.markSupported()&amp;quot; because &amp;quot;inp&amp;quot; is null">
      <![CDATA[java.lang.NullPointerException: Cannot invoke "java.io.InputStream.markSupported()" because "inp" is null
at org.apache.poi.ss.usermodel.WorkbookFactory.create(WorkbookFactory.java:65)
at com.qa.fb.keyword.engine.KeyWordEngine.startExecution(KeyWordEngine.java:41)
at com.qa.fb.keyword.Test.LoginTest.signUpTest(LoginTest.java:20)
... Removed 25 stack frames]]>
    </failure>
  </testcase> <!-- signUpTest -->
</testsuite> <!-- Test -->
