<?xml version="1.0" encoding="UTF-8"?>
<testng-results ignored="1" total="2" passed="1" failed="0" skipped="0">
  <reporter-output>
  </reporter-output>
  <suite started-at="2023-01-03T15:38:35Z" name="Default suite" finished-at="2023-01-03T15:38:43Z" duration-ms="8316">
    <groups>
    </groups>
    <test started-at="2023-01-03T15:38:35Z" name="Default test" finished-at="2023-01-03T15:38:43Z" duration-ms="8316">
      <class name="com.qa.fb.keyword.Test.LoginTest">
        <test-method signature="signUpTest()[pri:0, instance:com.qa.fb.keyword.Test.LoginTest@7486b455]" started-at="2023-01-03T15:38:35Z" name="signUpTest" finished-at="2023-01-03T15:38:43Z" duration-ms="8291" status="PASS">
          <reporter-output>
          </reporter-output>
        </test-method> <!-- signUpTest -->
      </class> <!-- com.qa.fb.keyword.Test.LoginTest -->
    </test> <!-- Default test -->
  </suite> <!-- Default suite -->
</testng-results>
